<?xml version="1.0" encoding="UTF-8"?>
<testsuite xmlns:xsi="http://www.w3.org/2001/XMLSchema-instance" xsi:noNamespaceSchemaLocation="https://maven.apache.org/surefire/maven-surefire-plugin/xsd/surefire-test-report-3.0.xsd" version="3.0" name="com.nexustrade.integration.OrderFlowIntegrationTest" time="5.031" tests="14" errors="0" skipped="0" failures="0">
  <properties>
[...]
</properties>
  <testcase name="testPositionBuyUpdate" classname="com.nexustrade.integration.OrderFlowIntegrationTest" time="0.336">
    <system-out><![CDATA[16:43:06.950 [main] INFO org.springframework.test.context.support.AnnotationConfigContextLoaderUtils -- Could not detect default configuration classes for test class [com.nexustrade.integration.OrderFlowIntegrationTest]: OrderFlowIntegrationTest does not declare any static, non-private, non-final, nested classes annotated with @Configuration.
16:43:07.015 [main] INFO org.springframework.boot.test.context.SpringBootTestContextBootstrapper -- Found @SpringBootConfiguration com.nexustrade.NexusTradeApplication for test class com.nexustrade.integration.OrderFlowIntegrationTest

  .   ____          _            __ _ _
 /\\ / ___'_ __ _ _(_)_ __  __ _ \ \ \ \
( ( )\___ | '_ | '_| | '_ \/ _` | \ \ \ \
 \\/  ___)| |_)| | | | | || (_| |  ) ) ) )
  '  |____| .__|_| |_|_| |_\__, | / / / /
 =========|_|==============|___/=/_/_/_/

 :: Spring Boot ::                (v3.4.1)

2026-03-05 16:43:07.472 [main] WARN  o.a.z.server.ServerCnxnFactory - maxCnxns is not configured, using default value 0.
2026-03-05 16:43:08.352 [main] INFO  c.n.i.OrderFlowIntegrationTest - Starting OrderFlowIntegrationTest using Java 23.0.2 with PID 5187 (started by nithinreddy in /Users/nithinreddy/Desktop/Ai_projects/order_managemet_system/nexustrade)
2026-03-05 16:43:08.352 [main] DEBUG c.n.i.OrderFlowIntegrationTest - Running with Spring Boot v3.4.1, Spring v6.2.1
2026-03-05 16:43:08.353 [main] INFO  c.n.i.OrderFlowIntegrationTest - The following 1 profile is active: "test"
2026-03-05 16:43:08.938 [main] INFO  o.s.j.d.e.EmbeddedDatabaseFactory - Starting embedded database: url='jdbc:h2:mem:aeed4635-2a7d-4dc2-9844-ad4f17574593;DB_CLOSE_DELAY=-1;DB_CLOSE_ON_EXIT=false', username='sa'
2026-03-05 16:43:08.940 [main] DEBUG o.s.jdbc.datasource.DataSourceUtils - Fetching JDBC Connection from DataSource
2026-03-05 16:43:08.940 [main] DEBUG o.s.j.d.SimpleDriverDataSource - Creating new JDBC Driver Connection to [jdbc:h2:mem:aeed4635-2a7d-4dc2-9844-ad4f17574593;DB_CLOSE_DELAY=-1;DB_CLOSE_ON_EXIT=false]
2026-03-05 16:43:09.268 [main] DEBUG o.s.j.d.SimpleDriverDataSource - Creating new JDBC Driver Connection to [jdbc:h2:mem:aeed4635-2a7d-4dc2-9844-ad4f17574593;DB_CLOSE_DELAY=-1;DB_CLOSE_ON_EXIT=false]
2026-03-05 16:43:09.286 [main] WARN  org.hibernate.dialect.Dialect - HHH000511: The 2.3.232 version for [org.hibernate.dialect.OracleDialect] is no longer supported, hence certain features may not work properly. The minimum supported version is 19.0.0. Check the community dialects project for available legacy versions.
2026-03-05 16:43:09.289 [main] WARN  org.hibernate.orm.deprecation - HHH90000025: OracleDialect does not need to be specified explicitly using 'hibernate.dialect' (remove the property setting and it will be selected by default)
2026-03-05 16:43:09.817 [main] DEBUG o.s.jdbc.datasource.DataSourceUtils - Fetching JDBC Connection from DataSource
2026-03-05 16:43:09.817 [main] DEBUG o.s.j.d.SimpleDriverDataSource - Creating new JDBC Driver Connection to [jdbc:h2:mem:aeed4635-2a7d-4dc2-9844-ad4f17574593;DB_CLOSE_DELAY=-1;DB_CLOSE_ON_EXIT=false]
2026-03-05 16:43:09.818 [main] DEBUG o.s.jdbc.datasource.init.ScriptUtils - Executing SQL script from class path resource [schema.sql]
2026-03-05 16:43:09.824 [main] DEBUG o.s.jdbc.datasource.init.ScriptUtils - 0 returned as update count for SQL: CREATE TABLE IF NOT EXISTS accounts ( account_id VARCHAR(36) PRIMARY KEY, account_number VARCHAR(20) NOT NULL UNIQUE, account_name VARCHAR(100) NOT NULL, account_type VARCHAR(20) NOT NULL, status VARCHAR(20) NOT NULL DEFAULT 'ACTIVE', currency VARCHAR(3) NOT NULL DEFAULT 'USD', cash_balance DECIMAL(18,2) NOT NULL DEFAULT 0, available_balance DECIMAL(18,2) NOT NULL DEFAULT 0, margin_balance DECIMAL(18,2), buying_power DECIMAL(18,2), created_at TIMESTAMP NOT NULL DEFAULT CURRENT_TIMESTAMP, updated_at TIMESTAMP, version BIGINT DEFAULT 0 )
2026-03-05 16:43:09.825 [main] DEBUG o.s.jdbc.datasource.init.ScriptUtils - 0 returned as update count for SQL: CREATE TABLE IF NOT EXISTS instruments ( instrument_id VARCHAR(36) PRIMARY KEY, symbol VARCHAR(20) NOT NULL UNIQUE, name VARCHAR(100) NOT NULL, instrument_type VARCHAR(10) NOT NULL, exchange VARCHAR(20), currency VARCHAR(3) NOT NULL DEFAULT 'USD', tick_size DECIMAL(10,6) DEFAULT 0.01, lot_size DECIMAL(18,8) DEFAULT 1, expiry_date DATE, strike_price DECIMAL(18,8), underlying_instrument_id VARCHAR(36), is_active BOOLEAN NOT NULL DEFAULT TRUE, version BIGINT DEFAULT 0 )
2026-03-05 16:43:09.830 [main] DEBUG o.s.jdbc.datasource.init.ScriptUtils - 0 returned as update count for SQL: CREATE TABLE IF NOT EXISTS orders ( order_id VARCHAR(36) PRIMARY KEY, account_id VARCHAR(36) NOT NULL, instrument_id VARCHAR(36) NOT NULL, side VARCHAR(4) NOT NULL, order_type VARCHAR(10) NOT NULL, quantity DECIMAL(18,8) NOT NULL, filled_quantity DECIMAL(18,8) DEFAULT 0, price DECIMAL(18,8), stop_price DECIMAL(18,8), status VARCHAR(20) NOT NULL DEFAULT 'PENDING', created_at TIMESTAMP NOT NULL DEFAULT CURRENT_TIMESTAMP, updated_at TIMESTAMP, client_order_id VARCHAR(64), version BIGINT DEFAULT 0, FOREIGN KEY (account_id) REFERENCES accounts(account_id), FOREIGN KEY (instrument_id) REFERENCES instruments(instrument_id) )
2026-03-05 16:43:09.835 [main] DEBUG o.s.jdbc.datasource.init.ScriptUtils - 0 returned as update count for SQL: CREATE TABLE IF NOT EXISTS trades ( trade_id VARCHAR(36) PRIMARY KEY, buy_order_id VARCHAR(36) NOT NULL, sell_order_id VARCHAR(36) NOT NULL, buyer_account_id VARCHAR(36) NOT NULL, seller_account_id VARCHAR(36) NOT NULL, instrument_id VARCHAR(36) NOT NULL, quantity DECIMAL(18,8) NOT NULL, price DECIMAL(18,8) NOT NULL, total_value DECIMAL(18,8) NOT NULL, trade_date TIMESTAMP NOT NULL DEFAULT CURRENT_TIMESTAMP, settlement_date TIMESTAMP, is_settled BOOLEAN NOT NULL DEFAULT FALSE, version BIGINT DEFAULT 0, FOREIGN KEY (buy_order_id) REFERENCES orders(order_id), FOREIGN KEY (sell_order_id) REFERENCES orders(order_id), FOREIGN KEY (buyer_account_id) REFERENCES accounts(account_id), FOREIGN KEY (seller_account_id) REFERENCES accounts(account_id), FOREIGN KEY (instrument_id) REFERENCES instruments(instrument_id) )
2026-03-05 16:43:09.835 [main] DEBUG o.s.jdbc.datasource.init.ScriptUtils - 0 returned as update count for SQL: CREATE TABLE IF NOT EXISTS trade_history ( trade_id VARCHAR(36) PRIMARY KEY, buy_order_id VARCHAR(36) NOT NULL, sell_order_id VARCHAR(36) NOT NULL, buyer_account_id VARCHAR(36) NOT NULL, seller_account_id VARCHAR(36) NOT NULL, instrument_id VARCHAR(36) NOT NULL, quantity DECIMAL(18,8) NOT NULL, price DECIMAL(18,8) NOT NULL, total_value DECIMAL(18,8) NOT NULL, trade_date TIMESTAMP NOT NULL, settlement_date TIMESTAMP, archived_at TIMESTAMP NOT NULL DEFAULT CURRENT_TIMESTAMP )
2026-03-05 16:43:09.838 [main] DEBUG o.s.jdbc.datasource.init.ScriptUtils - 0 returned as update count for SQL: CREATE TABLE IF NOT EXISTS positions ( position_id VARCHAR(36) PRIMARY KEY, account_id VARCHAR(36) NOT NULL, instrument_id VARCHAR(36) NOT NULL, quantity DECIMAL(18,8) NOT NULL DEFAULT 0, average_cost DECIMAL(18,8) NOT NULL DEFAULT 0, market_value DECIMAL(18,8), unrealized_pnl DECIMAL(18,8), realized_pnl DECIMAL(18,8) DEFAULT 0, updated_at TIMESTAMP NOT NULL DEFAULT CURRENT_TIMESTAMP, version BIGINT DEFAULT 0, UNIQUE (account_id, instrument_id), FOREIGN KEY (account_id) REFERENCES accounts(account_id), FOREIGN KEY (instrument_id) REFERENCES instruments(instrument_id) )
2026-03-05 16:43:09.838 [main] DEBUG o.s.jdbc.datasource.init.ScriptUtils - 0 returned as update count for SQL: CREATE TABLE IF NOT EXISTS BATCH_JOB_INSTANCE ( JOB_INSTANCE_ID BIGINT PRIMARY KEY, VERSION BIGINT, JOB_NAME VARCHAR(100) NOT NULL, JOB_KEY VARCHAR(32) NOT NULL, CONSTRAINT JOB_INST_UN UNIQUE (JOB_NAME, JOB_KEY) )
2026-03-05 16:43:09.839 [main] DEBUG o.s.jdbc.datasource.init.ScriptUtils - 0 returned as update count for SQL: CREATE TABLE IF NOT EXISTS BATCH_JOB_EXECUTION ( JOB_EXECUTION_ID BIGINT PRIMARY KEY, VERSION BIGINT, JOB_INSTANCE_ID BIGINT NOT NULL, CREATE_TIME TIMESTAMP NOT NULL, START_TIME TIMESTAMP, END_TIME TIMESTAMP, STATUS VARCHAR(10), EXIT_CODE VARCHAR(2500), EXIT_MESSAGE VARCHAR(2500), LAST_UPDATED TIMESTAMP )
2026-03-05 16:43:09.839 [main] DEBUG o.s.jdbc.datasource.init.ScriptUtils - 0 returned as update count for SQL: CREATE TABLE IF NOT EXISTS BATCH_JOB_EXECUTION_PARAMS ( JOB_EXECUTION_ID BIGINT NOT NULL, PARAMETER_NAME VARCHAR(100) NOT NULL, PARAMETER_TYPE VARCHAR(100) NOT NULL, PARAMETER_VALUE VARCHAR(2500), IDENTIFYING CHAR(1) NOT NULL )
2026-03-05 16:43:09.839 [main] DEBUG o.s.jdbc.datasource.init.ScriptUtils - 0 returned as update count for SQL: CREATE TABLE IF NOT EXISTS BATCH_STEP_EXECUTION ( STEP_EXECUTION_ID BIGINT PRIMARY KEY, VERSION BIGINT NOT NULL, STEP_NAME VARCHAR(100) NOT NULL, JOB_EXECUTION_ID BIGINT NOT NULL, CREATE_TIME TIMESTAMP NOT NULL, START_TIME TIMESTAMP, END_TIME TIMESTAMP, STATUS VARCHAR(10), COMMIT_COUNT BIGINT, READ_COUNT BIGINT, FILTER_COUNT BIGINT, WRITE_COUNT BIGINT, READ_SKIP_COUNT BIGINT, WRITE_SKIP_COUNT BIGINT, PROCESS_SKIP_COUNT BIGINT, ROLLBACK_COUNT BIGINT, EXIT_CODE VARCHAR(2500), EXIT_MESSAGE VARCHAR(2500), LAST_UPDATED TIMESTAMP )
2026-03-05 16:43:09.840 [main] DEBUG o.s.jdbc.datasource.init.ScriptUtils - 0 returned as update count for SQL: CREATE TABLE IF NOT EXISTS BATCH_STEP_EXECUTION_CONTEXT ( STEP_EXECUTION_ID BIGINT PRIMARY KEY, SHORT_CONTEXT VARCHAR(2500) NOT NULL, SERIALIZED_CONTEXT CLOB )
2026-03-05 16:43:09.840 [main] DEBUG o.s.jdbc.datasource.init.ScriptUtils - 0 returned as update count for SQL: CREATE TABLE IF NOT EXISTS BATCH_JOB_EXECUTION_CONTEXT ( JOB_EXECUTION_ID BIGINT PRIMARY KEY, SHORT_CONTEXT VARCHAR(2500) NOT NULL, SERIALIZED_CONTEXT CLOB )
2026-03-05 16:43:09.841 [main] DEBUG o.s.jdbc.datasource.init.ScriptUtils - 0 returned as update count for SQL: CREATE SEQUENCE IF NOT EXISTS BATCH_STEP_EXECUTION_SEQ START WITH 1
2026-03-05 16:43:09.841 [main] DEBUG o.s.jdbc.datasource.init.ScriptUtils - 0 returned as update count for SQL: CREATE SEQUENCE IF NOT EXISTS BATCH_JOB_EXECUTION_SEQ START WITH 1
2026-03-05 16:43:09.841 [main] DEBUG o.s.jdbc.datasource.init.ScriptUtils - 0 returned as update count for SQL: CREATE SEQUENCE IF NOT EXISTS BATCH_JOB_SEQ START WITH 1
2026-03-05 16:43:09.842 [main] DEBUG o.s.jdbc.datasource.init.ScriptUtils - Executed SQL script from class path resource [schema.sql] in 24 ms.
2026-03-05 16:43:10.695 [main] INFO  c.nexustrade.engine.MatchingEngine - Starting Matching Engine with 2 threads
2026-03-05 16:43:10.695 [main] INFO  c.nexustrade.engine.MatchingEngine - Matching Engine started successfully
2026-03-05 16:43:10.849 [main] DEBUG o.s.jdbc.datasource.DataSourceUtils - Fetching JDBC Connection from DataSource
2026-03-05 16:43:10.850 [main] DEBUG o.s.j.d.SimpleDriverDataSource - Creating new JDBC Driver Connection to [jdbc:h2:mem:aeed4635-2a7d-4dc2-9844-ad4f17574593;DB_CLOSE_DELAY=-1;DB_CLOSE_ON_EXIT=false]
2026-03-05 16:43:10.963 [main] WARN  o.s.b.a.o.j.JpaBaseConfiguration$JpaWebConfiguration - spring.jpa.open-in-view is enabled by default. Therefore, database queries may be performed during view rendering. Explicitly configure spring.jpa.open-in-view to disable this warning
2026-03-05 16:43:11.197 [kafka-admin-client-thread | nexustrade-test-admin-0] WARN  o.a.k.clients.admin.KafkaAdminClient - [AdminClient clientId=nexustrade-test-admin-0] The DescribeTopicPartitions API is not supported, using Metadata API to describe topics.
2026-03-05 16:43:11.418 [main] INFO  c.n.i.OrderFlowIntegrationTest - Started OrderFlowIntegrationTest in 4.318 seconds (process running for 4.883)
2026-03-05 16:43:11.433 [main] DEBUG o.s.j.d.SimpleDriverDataSource - Creating new JDBC Driver Connection to [jdbc:h2:mem:aeed4635-2a7d-4dc2-9844-ad4f17574593;DB_CLOSE_DELAY=-1;DB_CLOSE_ON_EXIT=false]
]]></system-out>
    <system-err><![CDATA[Mar 05, 2026 4:43:06 PM org.junit.platform.launcher.core.LauncherConfigurationParameters loadClasspathResource
WARNING: Discovered 3 'junit-platform.properties' configuration files on the classpath (see below); only the first (*) will be used.
- jar:file:/Users/nithinreddy/.m2/repository/org/apache/kafka/kafka-clients/3.8.1/kafka-clients-3.8.1-test.jar!/junit-platform.properties (*)
- jar:file:/Users/nithinreddy/.m2/repository/org/apache/kafka/kafka-server-common/3.8.1/kafka-server-common-3.8.1-test.jar!/junit-platform.properties
- jar:file:/Users/nithinreddy/.m2/repository/org/apache/kafka/kafka_2.13/3.8.1/kafka_2.13-3.8.1-test.jar!/junit-platform.properties
Mar 05, 2026 4:43:06 PM org.junit.platform.launcher.core.LauncherConfigurationParameters loadClasspathResource
WARNING: Discovered 3 'junit-platform.properties' configuration files on the classpath (see below); only the first (*) will be used.
- jar:file:/Users/nithinreddy/.m2/repository/org/apache/kafka/kafka-clients/3.8.1/kafka-clients-3.8.1-test.jar!/junit-platform.properties (*)
- jar:file:/Users/nithinreddy/.m2/repository/org/apache/kafka/kafka-server-common/3.8.1/kafka-server-common-3.8.1-test.jar!/junit-platform.properties
- jar:file:/Users/nithinreddy/.m2/repository/org/apache/kafka/kafka_2.13/3.8.1/kafka_2.13-3.8.1-test.jar!/junit-platform.properties
Mar 05, 2026 4:43:06 PM org.junit.platform.launcher.core.LauncherConfigurationParameters loadClasspathResource
WARNING: Discovered 3 'junit-platform.properties' configuration files on the classpath (see below); only the first (*) will be used.
- jar:file:/Users/nithinreddy/.m2/repository/org/apache/kafka/kafka-clients/3.8.1/kafka-clients-3.8.1-test.jar!/junit-platform.properties (*)
- jar:file:/Users/nithinreddy/.m2/repository/org/apache/kafka/kafka-server-common/3.8.1/kafka-server-common-3.8.1-test.jar!/junit-platform.properties
- jar:file:/Users/nithinreddy/.m2/repository/org/apache/kafka/kafka_2.13/3.8.1/kafka_2.13-3.8.1-test.jar!/junit-platform.properties
Mar 05, 2026 4:43:06 PM org.junit.platform.launcher.core.LauncherConfigurationParameters loadClasspathResource
WARNING: Discovered 3 'junit-platform.properties' configuration files on the classpath (see below); only the first (*) will be used.
- jar:file:/Users/nithinreddy/.m2/repository/org/apache/kafka/kafka-clients/3.8.1/kafka-clients-3.8.1-test.jar!/junit-platform.properties (*)
- jar:file:/Users/nithinreddy/.m2/repository/org/apache/kafka/kafka-server-common/3.8.1/kafka-server-common-3.8.1-test.jar!/junit-platform.properties
- jar:file:/Users/nithinreddy/.m2/repository/org/apache/kafka/kafka_2.13/3.8.1/kafka_2.13-3.8.1-test.jar!/junit-platform.properties
Mar 05, 2026 4:43:06 PM org.junit.platform.launcher.core.LauncherConfigurationParameters loadClasspathResource
WARNING: Discovered 3 'junit-platform.properties' configuration files on the classpath (see below); only the first (*) will be used.
- jar:file:/Users/nithinreddy/.m2/repository/org/apache/kafka/kafka-clients/3.8.1/kafka-clients-3.8.1-test.jar!/junit-platform.properties (*)
- jar:file:/Users/nithinreddy/.m2/repository/org/apache/kafka/kafka-server-common/3.8.1/kafka-server-common-3.8.1-test.jar!/junit-platform.properties
- jar:file:/Users/nithinreddy/.m2/repository/org/apache/kafka/kafka_2.13/3.8.1/kafka_2.13-3.8.1-test.jar!/junit-platform.properties
Mockito is currently self-attaching to enable the inline-mock-maker. This will no longer work in future releases of the JDK. Please add Mockito as an agent to your build what is described in Mockito's documentation: https://javadoc.io/doc/org.mockito/mockito-core/latest/org/mockito/Mockito.html#0.3
WARNING: A Java agent has been loaded dynamically (/Users/nithinreddy/.m2/repository/net/bytebuddy/byte-buddy-agent/1.15.11/byte-buddy-agent-1.15.11.jar)
WARNING: If a serviceability tool is in use, please run with -XX:+EnableDynamicAgentLoading to hide this warning
WARNING: If a serviceability tool is not in use, please run with -Djdk.instrument.traceUsage for more information
WARNING: Dynamic loading of agents will be disallowed by default in a future release
]]></system-err>
  </testcase>
  <testcase name="testGetPositions" classname="com.nexustrade.integration.OrderFlowIntegrationTest" time="0.061">
    <system-out><![CDATA[2026-03-05 16:43:11.766 [main] DEBUG o.s.j.d.SimpleDriverDataSource - Creating new JDBC Driver Connection to [jdbc:h2:mem:aeed4635-2a7d-4dc2-9844-ad4f17574593;DB_CLOSE_DELAY=-1;DB_CLOSE_ON_EXIT=false]
]]></system-out>
  </testcase>
  <testcase name="testCreateBuyOrder" classname="com.nexustrade.integration.OrderFlowIntegrationTest" time="0.035">
    <system-out><![CDATA[2026-03-05 16:43:11.828 [main] DEBUG o.s.j.d.SimpleDriverDataSource - Creating new JDBC Driver Connection to [jdbc:h2:mem:aeed4635-2a7d-4dc2-9844-ad4f17574593;DB_CLOSE_DELAY=-1;DB_CLOSE_ON_EXIT=false]
2026-03-05 16:43:11.830 [main] INFO  com.nexustrade.service.OrderService - Submitting order: Order[id=45352756-afa4-4e3b-ad97-1bdcbc70afb4, BUY 100 4bb7678f-fd17-478f-a451-c46827c98c3a @ 150.00, status=PENDING, filled=0/100]
2026-03-05 16:43:11.861 [main] INFO  com.nexustrade.service.OrderService - Order submitted successfully: 45352756-afa4-4e3b-ad97-1bdcbc70afb4
]]></system-out>
  </testcase>
  <testcase name="testGetOrdersByAccount" classname="com.nexustrade.integration.OrderFlowIntegrationTest" time="0.016">
    <system-out><![CDATA[2026-03-05 16:43:11.864 [main] DEBUG o.s.j.d.SimpleDriverDataSource - Creating new JDBC Driver Connection to [jdbc:h2:mem:aeed4635-2a7d-4dc2-9844-ad4f17574593;DB_CLOSE_DELAY=-1;DB_CLOSE_ON_EXIT=false]
2026-03-05 16:43:11.866 [main] INFO  com.nexustrade.service.OrderService - Submitting order: Order[id=a87cf86a-c90e-43de-83c6-d8b795261929, BUY 100 6ce8dfd2-7d62-4b7e-be70-54b80ccfee67 @ 150.00, status=PENDING, filled=0/100]
2026-03-05 16:43:11.867 [main] INFO  com.nexustrade.service.OrderService - Order submitted successfully: a87cf86a-c90e-43de-83c6-d8b795261929
2026-03-05 16:43:11.867 [main] INFO  com.nexustrade.service.OrderService - Submitting order: Order[id=ae100fad-73ad-486a-b963-4fbbc761582b, BUY 100 6ce8dfd2-7d62-4b7e-be70-54b80ccfee67 @ 150.00, status=PENDING, filled=0/100]
2026-03-05 16:43:11.867 [main] INFO  com.nexustrade.service.OrderService - Order submitted successfully: ae100fad-73ad-486a-b963-4fbbc761582b
2026-03-05 16:43:11.867 [main] INFO  com.nexustrade.service.OrderService - Submitting order: Order[id=00aa3ec5-d5d0-40d8-b196-56b9b8c06087, BUY 100 6ce8dfd2-7d62-4b7e-be70-54b80ccfee67 @ 150.00, status=PENDING, filled=0/100]
2026-03-05 16:43:11.868 [main] INFO  com.nexustrade.service.OrderService - Order submitted successfully: 00aa3ec5-d5d0-40d8-b196-56b9b8c06087
]]></system-out>
  </testcase>
  <testcase name="testPositionCostBasis" classname="com.nexustrade.integration.OrderFlowIntegrationTest" time="0.004">
    <system-out><![CDATA[2026-03-05 16:43:11.880 [main] DEBUG o.s.j.d.SimpleDriverDataSource - Creating new JDBC Driver Connection to [jdbc:h2:mem:aeed4635-2a7d-4dc2-9844-ad4f17574593;DB_CLOSE_DELAY=-1;DB_CLOSE_ON_EXIT=false]
]]></system-out>
  </testcase>
  <testcase name="testRejectInsufficientFunds" classname="com.nexustrade.integration.OrderFlowIntegrationTest" time="0.004">
    <system-out><![CDATA[2026-03-05 16:43:11.884 [main] DEBUG o.s.j.d.SimpleDriverDataSource - Creating new JDBC Driver Connection to [jdbc:h2:mem:aeed4635-2a7d-4dc2-9844-ad4f17574593;DB_CLOSE_DELAY=-1;DB_CLOSE_ON_EXIT=false]
2026-03-05 16:43:11.886 [main] INFO  com.nexustrade.service.OrderService - Submitting order: Order[id=de5766fc-be92-402a-817a-b77ed5ad6d4e, BUY 10000 f187c752-6f14-435b-ac97-e917f613ddbb @ 150.00, status=PENDING, filled=0/10000]
2026-03-05 16:43:11.886 [main] WARN  com.nexustrade.service.OrderService - Order validation failed: [Insufficient funds. Required: 1500000.00, Available: 100000.00]
]]></system-out>
  </testcase>
  <testcase name="testAccountBuyingPower" classname="com.nexustrade.integration.OrderFlowIntegrationTest" time="0.004">
    <system-out><![CDATA[2026-03-05 16:43:11.889 [main] DEBUG o.s.j.d.SimpleDriverDataSource - Creating new JDBC Driver Connection to [jdbc:h2:mem:aeed4635-2a7d-4dc2-9844-ad4f17574593;DB_CLOSE_DELAY=-1;DB_CLOSE_ON_EXIT=false]
]]></system-out>
  </testcase>
  <testcase name="testPositionSellableQuantity" classname="com.nexustrade.integration.OrderFlowIntegrationTest" time="0.013">
    <system-out><![CDATA[2026-03-05 16:43:11.892 [main] DEBUG o.s.j.d.SimpleDriverDataSource - Creating new JDBC Driver Connection to [jdbc:h2:mem:aeed4635-2a7d-4dc2-9844-ad4f17574593;DB_CLOSE_DELAY=-1;DB_CLOSE_ON_EXIT=false]
]]></system-out>
  </testcase>
  <testcase name="testGetPortfolioSummary" classname="com.nexustrade.integration.OrderFlowIntegrationTest" time="0.007">
    <system-out><![CDATA[2026-03-05 16:43:11.906 [main] DEBUG o.s.j.d.SimpleDriverDataSource - Creating new JDBC Driver Connection to [jdbc:h2:mem:aeed4635-2a7d-4dc2-9844-ad4f17574593;DB_CLOSE_DELAY=-1;DB_CLOSE_ON_EXIT=false]
]]></system-out>
  </testcase>
  <testcase name="testRejectInsufficientPosition" classname="com.nexustrade.integration.OrderFlowIntegrationTest" time="0.007">
    <system-out><![CDATA[2026-03-05 16:43:11.913 [main] DEBUG o.s.j.d.SimpleDriverDataSource - Creating new JDBC Driver Connection to [jdbc:h2:mem:aeed4635-2a7d-4dc2-9844-ad4f17574593;DB_CLOSE_DELAY=-1;DB_CLOSE_ON_EXIT=false]
2026-03-05 16:43:11.915 [main] INFO  com.nexustrade.service.OrderService - Submitting order: Order[id=1908caaa-4dab-4fdb-b309-10b84fd0a276, SELL 1000 b6c434bc-b0fa-4a10-bd9d-3ab50beff87f @ 150.00, status=PENDING, filled=0/1000]
2026-03-05 16:43:11.918 [main] WARN  com.nexustrade.service.OrderService - Order validation failed: [Insufficient holdings. Required: 1000, Available: 500]
]]></system-out>
  </testcase>
  <testcase name="testCreateSellOrder" classname="com.nexustrade.integration.OrderFlowIntegrationTest" time="0.007">
    <system-out><![CDATA[2026-03-05 16:43:11.921 [main] DEBUG o.s.j.d.SimpleDriverDataSource - Creating new JDBC Driver Connection to [jdbc:h2:mem:aeed4635-2a7d-4dc2-9844-ad4f17574593;DB_CLOSE_DELAY=-1;DB_CLOSE_ON_EXIT=false]
2026-03-05 16:43:11.923 [main] INFO  com.nexustrade.service.OrderService - Submitting order: Order[id=ebb1540f-296c-448e-8373-d7939ae64fa9, SELL 100 adb31350-570f-4dab-a4fc-241fc0ab82f7 @ 150.00, status=PENDING, filled=0/100]
2026-03-05 16:43:11.926 [main] INFO  com.nexustrade.service.OrderService - Order submitted successfully: ebb1540f-296c-448e-8373-d7939ae64fa9
]]></system-out>
  </testcase>
  <testcase name="testAccountBalanceOperations" classname="com.nexustrade.integration.OrderFlowIntegrationTest" time="0.011">
    <system-out><![CDATA[2026-03-05 16:43:11.928 [main] DEBUG o.s.j.d.SimpleDriverDataSource - Creating new JDBC Driver Connection to [jdbc:h2:mem:aeed4635-2a7d-4dc2-9844-ad4f17574593;DB_CLOSE_DELAY=-1;DB_CLOSE_ON_EXIT=false]
]]></system-out>
  </testcase>
  <testcase name="testOrderPersistence" classname="com.nexustrade.integration.OrderFlowIntegrationTest" time="0.004">
    <system-out><![CDATA[2026-03-05 16:43:11.940 [main] DEBUG o.s.j.d.SimpleDriverDataSource - Creating new JDBC Driver Connection to [jdbc:h2:mem:aeed4635-2a7d-4dc2-9844-ad4f17574593;DB_CLOSE_DELAY=-1;DB_CLOSE_ON_EXIT=false]
2026-03-05 16:43:11.942 [main] INFO  com.nexustrade.service.OrderService - Submitting order: Order[id=513382b6-9f5c-4d49-80df-2743109c14e1, BUY 100 f948812e-bd8c-4972-8f8a-8950b50c7dfc @ 150.00, status=PENDING, filled=0/100]
2026-03-05 16:43:11.942 [main] INFO  com.nexustrade.service.OrderService - Order submitted successfully: 513382b6-9f5c-4d49-80df-2743109c14e1
]]></system-out>
  </testcase>
  <testcase name="testCancelOrder" classname="com.nexustrade.integration.OrderFlowIntegrationTest" time="0.005">
    <system-out><![CDATA[2026-03-05 16:43:11.945 [main] DEBUG o.s.j.d.SimpleDriverDataSource - Creating new JDBC Driver Connection to [jdbc:h2:mem:aeed4635-2a7d-4dc2-9844-ad4f17574593;DB_CLOSE_DELAY=-1;DB_CLOSE_ON_EXIT=false]
2026-03-05 16:43:11.947 [main] INFO  com.nexustrade.service.OrderService - Submitting order: Order[id=ec456434-0683-432c-bd13-5d00cce1b77a, BUY 100 0b2236bc-c444-43ab-8280-5d6edd3551f5 @ 150.00, status=PENDING, filled=0/100]
2026-03-05 16:43:11.947 [main] INFO  com.nexustrade.service.OrderService - Order submitted successfully: ec456434-0683-432c-bd13-5d00cce1b77a
2026-03-05 16:43:11.947 [main] INFO  com.nexustrade.service.OrderService - Cancelling order: ec456434-0683-432c-bd13-5d00cce1b77a
2026-03-05 16:43:11.948 [main] INFO  com.nexustrade.service.OrderService - Order cancelled: ec456434-0683-432c-bd13-5d00cce1b77a
]]></system-out>
  </testcase>
</testsuite>